<?xml version="1.0" encoding="UTF-8"?>
<!-- Generated by org.testng.reporters.JUnitReportReporter -->
<testsuite skipped="0" hostname="DESKTOP-KQR3QA8" name="runner.TestRunner" tests="3" failures="0" timestamp="19 Dec 2021 01:41:33 GMT" time="129.648" errors="0">
  <testcase name="runScenario" time="18.136" classname="runner.TestRunner"/>
  <testcase name="runScenario" time="82.159" classname="runner.TestRunner"/>
  <testcase name="runScenario" time="29.353" classname="runner.TestRunner"/>
</testsuite> <!-- runner.TestRunner -->
